Log file generate at 2023-11-16 12:30:54.556570
python version: 3.10.13 | packaged by conda-forge | (main, Oct 26 2023, 18:07:37) [GCC 12.3.0]
pulp version: 2.7.0
config file=config
courseInstructor file=./CourseInfo
courseInfo file=./CourseInfo
conflict file=./ConflictCourses
instructorPref file=./InstructorPref

566, 570 are conflicted
566, 571 are conflicted
570, 571 are conflicted
570, 575-Ben are conflicted
571, 575-Ben are conflicted
450/550, 566 are conflicted
450/550, 570 are conflicted
450/550, 571 are conflicted
566, 570 are conflicted
566, 571 are conflicted
570, 571 are conflicted
450/550, 461 are conflicted
450/550, 507 are conflicted
441/541, 450/550 are conflicted
575-Ben, 599A are conflicted
580-Cit, 599A are conflicted
580-Che, 599A are conflicted
580-Ogi, 599A are conflicted
580-TBA, 599A are conflicted
599A, 599B are conflicted
200, 599B are conflicted
599B, 200AA are conflicted
599B, 200AB are conflicted
200, 200AA are conflicted
200, 200AB are conflicted
200, 599B are conflicted
599B, 200AC are conflicted
599B, 200AD are conflicted
200, 200AC are conflicted
200, 200AD are conflicted
200, 599B are conflicted
599B, 200AE are conflicted
599B, 200AF are conflicted
200, 200AE are conflicted
200, 200AF are conflicted
233, 599B are conflicted
599B, 233AA are conflicted
599B, 233AD are conflicted
599B, 233AE are conflicted
233, 233AA are conflicted
233, 233AD are conflicted
233, 233AE are conflicted
233, 599B are conflicted
599B, 233AF are conflicted
599B, 233AG are conflicted
599B, 233AH are conflicted
233, 233AF are conflicted
233, 233AG are conflicted
233, 233AH are conflicted
200, 200AA are conflicted
200, 200AB are conflicted
200, 200AC are conflicted
200, 200AD are conflicted
200, 200AE are conflicted
200, 200AF are conflicted
200, 200AG are conflicted
200, 200AH are conflicted
200, 200AI are conflicted
233, 233AA are conflicted
233, 233AD are conflicted
233, 233AE are conflicted
233, 233AF are conflicted
233, 233AG are conflicted
233, 233AH are conflicted
450/550, 450AA are conflicted

566, 575-Ben are conflicted because they are taught by Bender
432/532, 450/550 are conflicted because they are taught by Wassink
200AA, 200AB are conflicted because they are taught by TA1
200AC, 200AD are conflicted because they are taught by TA2
200AE, 200AF are conflicted because they are taught by TA3
233AA, 233AD are conflicted because they are taught by TA8
233AA, 233AE are conflicted because they are taught by TA8
233AD, 233AE are conflicted because they are taught by TA8
233AF, 233AG are conflicted because they are taught by TA9
233AF, 233AH are conflicted because they are taught by TA9
233AG, 233AH are conflicted because they are taught by TA9
200AA, 200AB are conflicted because they are taught by TA1
200AC, 200AD are conflicted because they are taught by TA2
200AE, 200AF are conflicted because they are taught by TA3
200AG, 200AH are conflicted because they are taught by TA4
233AA, 233AD are conflicted because they are taught by TA8
233AA, 233AE are conflicted because they are taught by TA8
233AD, 233AE are conflicted because they are taught by TA8
233AF, 233AG are conflicted because they are taught by TA9
233AF, 233AH are conflicted because they are taught by TA9
233AG, 233AH are conflicted because they are taught by TA9
200, 441/541 are conflicted because they are taught by Ferjan-Ramirez
233, 433/533 are conflicted because they are taught by Evans
432/532, 450/550 are conflicted because they are taught by Wassink
461, 507 are conflicted because they are taught by Hedding
478/578, 580-Ogi are conflicted because they are taught by Ogihara
566, 575-Ben are conflicted because they are taught by Bender
200AA, 200AB are conflicted because they are taught by TA1
200AC, 200AD are conflicted because they are taught by TA2
200AE, 200AF are conflicted because they are taught by TA3
200AG, 200AH are conflicted because they are taught by TA4
233AA, 233AD are conflicted because they are taught by TA8
233AA, 233AE are conflicted because they are taught by TA8
233AD, 233AE are conflicted because they are taught by TA8
233AF, 233AG are conflicted because they are taught by TA9
233AF, 233AH are conflicted because they are taught by TA9
233AG, 233AH are conflicted because they are taught by TA9

Warning: TA5 doesn't appear in the instructor preference file
Warning: proseminar doesn't appear in the instructor preference file
Warning: TA2 doesn't appear in the instructor preference file
Warning: TA8 doesn't appear in the instructor preference file
Warning: TA9 doesn't appear in the instructor preference file
Warning: TA10 doesn't appear in the instructor preference file
Warning: TA4 doesn't appear in the instructor preference file
Warning: lingColloq doesn't appear in the instructor preference file
Warning: TBA doesn't appear in the instructor preference file
Warning: McGarrity doesn't appear in the instructor preference file
Warning: TA1 doesn't appear in the instructor preference file
Warning: TA3 doesn't appear in the instructor preference file
10%-rule-percentage=0.12
must-follow-block-policy=1

Result: Optimal
Objective value: 16.0
Upper bound: 16.0
IW points earned: 16.0
CW points earned: 27.0
Total Number of Course: 36
Exempted Courses List: ['570', '571', '575-Ben']
Total Number of Non-Exempted Courses: 33
Total Number of Non-Exempted Hours: 78.5

The number of courses for which the instructors are not listed in the instructorpref file: 20
The number of courses for which the instructors' preference are not met: 0

The number of courses that violate Block Policy: 0
