Log file generate at 2023-11-09 10:46:18.943067
config file=config
courseInstructor file=inputs/2024-2025/fall2024/CourseInstructor
courseInfo file=inputs/CourseInfo
conflict file=inputs/ConflictCourse

450/550, 566 are conflicted
450/550, 570 are conflicted
450/550, 571 are conflicted
566, 570 are conflicted
566, 571 are conflicted
570, 571 are conflicted
450/550, 461 are conflicted
450/550, 507 are conflicted
575-Ben, 599A are conflicted
580-Cit, 599A are conflicted
580-Che, 599A are conflicted
580-Ogi, 599A are conflicted
599A, 599B are conflicted
599B, 200AA are conflicted
599B, 200AB are conflicted
200AA, 200AB are conflicted due to same instructor
599B, 200AC are conflicted
599B, 200AD are conflicted
200AC, 200AD are conflicted due to same instructor
599B, 200AE are conflicted
599B, 200AF are conflicted
200AE, 200AF are conflicted due to same instructor
599B, 233AA are conflicted
599B, 233AD are conflicted
599B, 233AE are conflicted
233AA, 233AD are conflicted due to same instructor
233AA, 233AE are conflicted due to same instructor
233AD, 233AE are conflicted due to same instructor
599B, 233AF are conflicted
599B, 233AG are conflicted
599B, 233AH are conflicted
233AF, 233AG are conflicted due to same instructor
233AF, 233AH are conflicted due to same instructor
233AG, 233AH are conflicted due to same instructor
200, 200AA are conflicted
200, 200AB are conflicted
200AA, 200AB are conflicted due to same instructor
200, 200AC are conflicted
200, 200AD are conflicted
200AC, 200AD are conflicted due to same instructor
200, 200AE are conflicted
200, 200AF are conflicted
200AE, 200AF are conflicted due to same instructor
200, 200AG are conflicted
200, 200AH are conflicted
200AG, 200AH are conflicted due to same instructor
200, 200AI are conflicted
233, 233AA are conflicted
233, 233AD are conflicted
233, 233AE are conflicted
233AA, 233AD are conflicted due to same instructor
233AA, 233AE are conflicted due to same instructor
233AD, 233AE are conflicted due to same instructor
233, 233AF are conflicted
233, 233AG are conflicted
233, 233AH are conflicted
233AF, 233AG are conflicted due to same instructor
233AF, 233AH are conflicted due to same instructor
233AG, 233AH are conflicted due to same instructor
200, 441/541 are conflicted due to same instructor
233, 433/533 are conflicted due to same instructor
432/532, 450/550 are conflicted due to same instructor
461, 507 are conflicted due to same instructor
478/578, 580-Ogi are conflicted due to same instructor
566, 575-Ben are conflicted due to same instructor
200AA, 200AB are conflicted due to same instructor
200AC, 200AD are conflicted due to same instructor
200AE, 200AF are conflicted due to same instructor
200AG, 200AH are conflicted due to same instructor
233AA, 233AD are conflicted due to same instructor
233AA, 233AE are conflicted due to same instructor
233AD, 233AE are conflicted due to same instructor
233AF, 233AG are conflicted due to same instructor
233AF, 233AH are conflicted due to same instructor
233AG, 233AH are conflicted due to same instructor

instructorPref file=inputs/2024-2025/InstructorPref

Warning: McGarrity doesn't appear in the instructor preference file
Warning: TA1 doesn't appear in the instructor preference file
Warning: TA5 doesn't appear in the instructor preference file
Warning: TA3 doesn't appear in the instructor preference file
Warning: TA8 doesn't appear in the instructor preference file
Warning: proseminar doesn't appear in the instructor preference file
Warning: lingColloq doesn't appear in the instructor preference file
Warning: TA2 doesn't appear in the instructor preference file
Warning: TA4 doesn't appear in the instructor preference file
Warning: TA9 doesn't appear in the instructor preference file
10%-rule-percentage=0.12
must-follow-block-policy=1

Result: Optimal
Objective value: 41.0
Upper bound: 45.000000004
IW points earned: 16.0
CW points earned: 25.0
Total Number of Course: 34
Exempted Courses List: ['570', '571', '575-Ben']
Total Number of Non-Exempted Courses: 31
Total Number of Non-Exempted Hours: 75.0

The number of courses for which the instructors are not listed in the instructorpref file: 18
The number of courses for which the instructors' preference are not met: 0

The number of courses that violate Block Policy: 0
