Log file generate at 2023-12-05 15:41:01.705039
python version: 3.10.13 | packaged by conda-forge | (main, Oct 26 2023, 18:07:37) [GCC 12.3.0]
pulp version: 2.7.0
config file=config
courseInstructor file=./CoursesThisQuarter
courseInfo file=./CourseInfo
conflict file=./ConflictCourses
instructorPref file=./InstructorPref
output dir=./output/

567, 572 are conflicted
450/550, 461 are conflicted
450/550, 567 are conflicted
450/550, 479/579 are conflicted
567, 571 are conflicted
567, 575-guest1 are conflicted
572, 575-guest1 are conflicted
450/550, 572 are conflicted
571, 572 are conflicted
450/550, 462 are conflicted
450/550, 571 are conflicted
450/550, 575-guest1 are conflicted
571, 575-guest1 are conflicted

412, 479/579 are conflicted because they are taught by ogihara
269, 400 are conflicted because they are taught by mcgarrity
269aa, 269ab are conflicted because they are taught by ta8
200ac, 200ad are conflicted because they are taught by ta2
269ab, 269ac are conflicted because they are taught by ta8
200, 442/542 are conflicted because they are taught by cheng
481/581, 580-har are conflicted because they are taught by hargus
200ae, 200af are conflicted because they are taught by ta5
269aa, 269ac are conflicted because they are taught by ta8
572, 575-xia are conflicted because they are taught by xia
200aa, 200ab are conflicted because they are taught by ta1
461, 580-hed are conflicted because they are taught by hedding
430, 534 are conflicted because they are taught by wassink
234, 451/551 are conflicted because they are taught by lapierre
212, 580-fer are conflicted because they are taught by ferjan-ramirez

Warning: ta1 doesn't appear in the instructor preference file
Warning: ta2 doesn't appear in the instructor preference file
Warning: guest1 doesn't appear in the instructor preference file
Warning: lingcolloq doesn't appear in the instructor preference file
Warning: ta5 doesn't appear in the instructor preference file
Warning: rozelle doesn't appear in the instructor preference file
Warning: dobao doesn't appear in the instructor preference file
Warning: proseminar doesn't appear in the instructor preference file
Warning: chai doesn't appear in the instructor preference file
Warning: levow doesn't appear in the instructor preference file
Warning: tba doesn't appear in the instructor preference file
Warning: ta8 doesn't appear in the instructor preference file
10%-rule-percentage=0.12
Must-follow-block-policy=1

Result: Optimal
Objective value: 20.0
Upper bound: 20.0
IW points earned: 20.0
CW points earned: 28.0
Total Number of Course: 38
Exempted Courses List: ['571', '572', '575-xia', '575-guest1']
Total Number of Non-Exempted Courses: 34
Total Number of Non-Exempted Hours: 100.5

The number of courses for which the instructors are not listed in the instructorpref file: 17
The number of courses for which the instructors' preference are not met: 1
Instructors whose preference are not met: 
Instructor's name: ferjan-ramirez	Courses that violate preference{'580-fer'}

The number of courses that violate Block Policy: 0
